2013-06-26 19:58:48,713 - ResourceLoader instantiated: org.apache.velocity.runtime.resource.loader.ClasspathResourceLoader
2013-06-26 19:58:48,714 - ResourceCache: initialized (class org.apache.velocity.runtime.resource.ResourceCacheImpl) with class java.util.Collections$SynchronizedMap cache map.
2013-06-26 19:58:48,715 - Loaded System Directive: org.apache.velocity.runtime.directive.Stop
2013-06-26 19:58:48,715 - Loaded System Directive: org.apache.velocity.runtime.directive.Define
2013-06-26 19:58:48,716 - Loaded System Directive: org.apache.velocity.runtime.directive.Break
2013-06-26 19:58:48,716 - Loaded System Directive: org.apache.velocity.runtime.directive.Evaluate
2013-06-26 19:58:48,716 - Loaded System Directive: org.apache.velocity.runtime.directive.Literal
2013-06-26 19:58:48,716 - Loaded System Directive: org.apache.velocity.runtime.directive.Macro
2013-06-26 19:58:48,716 - Loaded System Directive: org.apache.velocity.runtime.directive.Parse
2013-06-26 19:58:48,716 - Loaded System Directive: org.apache.velocity.runtime.directive.Include
2013-06-26 19:58:48,716 - Loaded System Directive: org.apache.velocity.runtime.directive.Foreach
2013-06-26 19:58:48,717 - Created '20' parsers.
2013-06-26 19:58:48,717 - Velocimacro : "velocimacro.library" is not set.  Trying default library: VM_global_library.vm
2013-06-26 19:58:48,718 - Could not load resource 'VM_global_library.vm' from ResourceLoader org.apache.velocity.runtime.resource.loader.ClasspathResourceLoader: ClasspathResourceLoader Error: cannot find resource VM_global_library.vm
2013-06-26 19:58:48,718 - Velocimacro : Default library not found.
2013-06-26 19:58:48,718 - Velocimacro : allowInline = true : VMs can be defined inline in templates
2013-06-26 19:58:48,718 - Velocimacro : allowInlineToOverride = false : VMs defined inline may NOT replace previous VM definitions
2013-06-26 19:58:48,718 - Velocimacro : allowInlineLocal = false : VMs defined inline will be global in scope if allowed.
2013-06-26 19:58:48,718 - Velocimacro : autoload off : VM system will not automatically reload global library macros
2013-06-26 19:58:48,722 - Velocimacro : added VM comments: source=/templates/db/TableAdapter.vm
2013-06-26 19:58:48,722 - ResourceManager : found /templates/db/TableAdapter.vm with loader org.apache.velocity.runtime.resource.loader.ClasspathResourceLoader
2013-06-26 19:58:48,731 - Log4JLogChute initialized using file 'velocity.log'
2013-06-26 19:58:48,731 - Initializing Velocity, Calling init()...
2013-06-26 19:58:48,731 - Starting Apache Velocity v1.7 (compiled: 2010-11-19 12:14:37)
2013-06-26 19:58:48,731 - Default Properties File: org\apache\velocity\runtime\defaults\velocity.properties
2013-06-26 19:58:48,731 - Trying to use logger class org.apache.velocity.runtime.log.AvalonLogChute
2013-06-26 19:58:48,731 - Target log system for org.apache.velocity.runtime.log.AvalonLogChute is not available (java.lang.NoClassDefFoundError: org/apache/log/format/Formatter).  Falling back to next log system...
2013-06-26 19:58:48,732 - Trying to use logger class org.apache.velocity.runtime.log.Log4JLogChute
2013-06-26 19:58:48,732 - Using logger class org.apache.velocity.runtime.log.Log4JLogChute
2013-06-26 19:58:48,732 - ResourceLoader instantiated: org.apache.velocity.runtime.resource.loader.ClasspathResourceLoader
2013-06-26 19:58:48,732 - ResourceCache: initialized (class org.apache.velocity.runtime.resource.ResourceCacheImpl) with class java.util.Collections$SynchronizedMap cache map.
2013-06-26 19:58:48,733 - Loaded System Directive: org.apache.velocity.runtime.directive.Stop
2013-06-26 19:58:48,733 - Loaded System Directive: org.apache.velocity.runtime.directive.Define
2013-06-26 19:58:48,733 - Loaded System Directive: org.apache.velocity.runtime.directive.Break
2013-06-26 19:58:48,733 - Loaded System Directive: org.apache.velocity.runtime.directive.Evaluate
2013-06-26 19:58:48,733 - Loaded System Directive: org.apache.velocity.runtime.directive.Literal
2013-06-26 19:58:48,733 - Loaded System Directive: org.apache.velocity.runtime.directive.Macro
2013-06-26 19:58:48,733 - Loaded System Directive: org.apache.velocity.runtime.directive.Parse
2013-06-26 19:58:48,733 - Loaded System Directive: org.apache.velocity.runtime.directive.Include
2013-06-26 19:58:48,733 - Loaded System Directive: org.apache.velocity.runtime.directive.Foreach
2013-06-26 19:58:48,734 - Created '20' parsers.
2013-06-26 19:58:48,734 - Velocimacro : "velocimacro.library" is not set.  Trying default library: VM_global_library.vm
2013-06-26 19:58:48,735 - Could not load resource 'VM_global_library.vm' from ResourceLoader org.apache.velocity.runtime.resource.loader.ClasspathResourceLoader: ClasspathResourceLoader Error: cannot find resource VM_global_library.vm
2013-06-26 19:58:48,735 - Velocimacro : Default library not found.
2013-06-26 19:58:48,735 - Velocimacro : allowInline = true : VMs can be defined inline in templates
2013-06-26 19:58:48,735 - Velocimacro : allowInlineToOverride = false : VMs defined inline may NOT replace previous VM definitions
2013-06-26 19:58:48,735 - Velocimacro : allowInlineLocal = false : VMs defined inline will be global in scope if allowed.
2013-06-26 19:58:48,735 - Velocimacro : autoload off : VM system will not automatically reload global library macros
2013-06-26 19:58:48,754 - Velocimacro : added VM comments: source=/templates/db/TableAdapter.vm
2013-06-26 19:58:48,755 - ResourceManager : found /templates/db/TableAdapter.vm with loader org.apache.velocity.runtime.resource.loader.ClasspathResourceLoader
 Velocimacro : Default library not found.
2013-06-26 19:58:48,735 - Velocimacro : allowInline = true : VMs can be defined inline in templates
2013-06-26 19:58:48,735 - Velocimacro : allowInlineToOverride = false : VMs defined inline may NOT replace previous VM definitions
2013-06-26 19:58:48,735 - Velocimacro : allowInlineLocal = false : VMs defined inline will be global in scope if allowed.
2013-06-26 19:58:48,735 - Velocimacro : autoload off : VM system will not automatically reload global library macros
 2010-11-19 12:14:37)
2013-06-26 19:58:48,731 - Starting Apache Velocity v1.7 (compiled: 2010-11-19 12:14:37)
2013-06-26 19:58:48,731 - Default Properties File: org\apache\velocity\runtime\defaults\velocity.properties
2013-06-26 19:58:48,731 - Default Properties File: org\apache\velocity\runtime\defaults\velocity.properties
2013-06-26 19:58:48,731 - Default Properties File: org\apache\velocity\runtime\defaults\velocity.properties
2013-06-26 19:58:48,731 - Trying to use logger class org.apache.velocity.runtime.log.AvalonLogChute
2013-06-26 19:58:48,731 - Trying to use logger class org.apache.velocity.runtime.log.AvalonLogChute
2013-06-26 19:58:48,731 - Trying to use logger class org.apache.velocity.runtime.log.AvalonLogChute
2013-06-26 19:58:48,731 - Target log system for org.apache.velocity.runtime.log.AvalonLogChute is not available (java.lang.NoClassDefFoundError: org/apache/log/format/Formatter).  Falling back to next log system...
2013-06-26 19:58:48,731 - Target log system for org.apache.velocity.runtime.log.AvalonLogChute is not available (java.lang.NoClassDefFoundError: org/apache/log/format/Formatter).  Falling back to next log system...
2013-06-26 19:58:48,731 - Target log system for org.apache.velocity.runtime.log.AvalonLogChute is not available (java.lang.NoClassDefFoundError: org/apache/log/format/Formatter).  Falling back to next log system...
2013-06-26 19:58:48,732 - Trying to use logger class org.apache.velocity.runtime.log.Log4JLogChute
2013-06-26 19:58:48,732 - Trying to use logger class org.apache.velocity.runtime.log.Log4JLogChute
2013-06-26 19:58:48,732 - Trying to use logger class org.apache.velocity.runtime.log.Log4JLogChute
2013-06-26 19:58:48,732 - Using logger class org.apache.velocity.runtime.log.Log4JLogChute
2013-06-26 19:58:48,732 - Using logger class org.apache.velocity.runtime.log.Log4JLogChute
2013-06-26 19:58:48,732 - Using logger class org.apache.velocity.runtime.log.Log4JLogChute
2013-06-26 19:58:48,732 - ResourceLoader instantiated: org.apache.velocity.runtime.resource.loader.ClasspathResourceLoader
2013-06-26 19:58:48,732 - ResourceLoader instantiated: org.apache.velocity.runtime.resource.loader.ClasspathResourceLoader
2013-06-26 19:58:48,732 - ResourceLoader instantiated: org.apache.velocity.runtime.resource.loader.ClasspathResourceLoader
2013-06-26 19:58:48,732 - ResourceCache: initialized (class org.apache.velocity.runtime.resource.ResourceCacheImpl) with class java.util.Collections$SynchronizedMap cache map.
2013-06-26 19:58:48,732 - ResourceCache: initialized (class org.apache.velocity.runtime.resource.ResourceCacheImpl) with class java.util.Collections$SynchronizedMap cache map.
2013-06-26 19:58:48,732 - ResourceCache: initialized (class org.apache.velocity.runtime.resource.ResourceCacheImpl) with class java.util.Collections$SynchronizedMap cache map.
2013-06-26 19:58:48,733 - Loaded System Directive: org.apache.velocity.runtime.directive.Stop
2013-06-26 19:58:48,733 - Loaded System Directive: org.apache.velocity.runtime.directive.Stop
2013-06-26 19:58:48,733 - Loaded System Directive: org.apache.velocity.runtime.directive.Stop
2013-06-26 19:58:48,733 - Loaded System Directive: org.apache.velocity.runtime.directive.Define
2013-06-26 19:58:48,733 - Loaded System Directive: org.apache.velocity.runtime.directive.Define
2013-06-26 19:58:48,733 - Loaded System Directive: org.apache.velocity.runtime.directive.Define
2013-06-26 19:58:48,733 - Loaded System Directive: org.apache.velocity.runtime.directive.Break
2013-06-26 19:58:48,733 - Loaded System Directive: org.apache.velocity.runtime.directive.Break
2013-06-26 19:58:48,733 - Loaded System Directive: org.apache.velocity.runtime.directive.Break
2013-06-26 19:58:48,733 - Loaded System Directive: org.apache.velocity.runtime.directive.Evaluate
2013-06-26 19:58:48,733 - Loaded System Directive: org.apache.velocity.runtime.directive.Evaluate
2013-06-26 19:58:48,733 - Loaded System Directive: org.apache.velocity.runtime.directive.Evaluate
2013-06-26 19:58:48,733 - Loaded System Directive: org.apache.velocity.runtime.directive.Literal
2013-06-26 19:58:48,733 - Loaded System Directive: org.apache.velocity.runtime.directive.Literal
2013-06-26 19:58:48,733 - Loaded System Directive: org.apache.velocity.runtime.directive.Literal
2013-06-26 19:58:48,733 - Loaded System Directive: org.apache.velocity.runtime.directive.Macro
2013-06-26 19:58:48,733 - Loaded System Directive: org.apache.velocity.runtime.directive.Macro
2013-06-26 19:58:48,733 - Loaded System Directive: org.apache.velocity.runtime.directive.Macro
2013-06-26 19:58:48,733 - Loaded System Directive: org.apache.velocity.runtime.directive.Parse
2013-06-26 19:58:48,733 - Loaded System Directive: org.apache.velocity.runtime.directive.Parse
2013-06-26 19:58:48,733 - Loaded System Directive: org.apache.velocity.runtime.directive.Parse
2013-06-26 19:58:48,733 - Loaded System Directive: org.apache.velocity.runtime.directive.Include
2013-06-26 19:58:48,733 - Loaded System Directive: org.apache.velocity.runtime.directive.Include
2013-06-26 19:58:48,733 - Loaded System Directive: org.apache.velocity.runtime.directive.Include
2013-06-26 19:58:48,733 - Loaded System Directive: org.apache.velocity.runtime.directive.Foreach
2013-06-26 19:58:48,733 - Loaded System Directive: org.apache.velocity.runtime.directive.Foreach
2013-06-26 19:58:48,733 - Loaded System Directive: org.apache.velocity.runtime.directive.Foreach
2013-06-26 19:58:48,734 - Created '20' parsers.
2013-06-26 19:58:48,734 - Created '20' parsers.
2013-06-26 19:58:48,734 - Created '20' parsers.
2013-06-26 19:58:48,734 - Velocimacro : "velocimacro.library" is not set.  Trying default library: VM_global_library.vm
2013-06-26 19:58:48,734 - Velocimacro : "velocimacro.library" is not set.  Trying default library: VM_global_library.vm
2013-06-26 19:58:48,734 - Velocimacro : "velocimacro.library" is not set.  Trying default library: VM_global_library.vm
2013-06-26 19:58:48,735 - Could not load resource 'VM_global_library.vm' from ResourceLoader org.apache.velocity.runtime.resource.loader.ClasspathResourceLoader: ClasspathResourceLoader Error: cannot find resource VM_global_library.vm
2013-06-26 19:58:48,735 - Could not load resource 'VM_global_library.vm' from ResourceLoader org.apache.velocity.runtime.resource.loader.ClasspathResourceLoader: ClasspathResourceLoader Error: cannot find resource VM_global_library.vm
2013-06-26 19:58:48,735 - Could not load resource 'VM_global_library.vm' from ResourceLoader org.apache.velocity.runtime.resource.loader.ClasspathResourceLoader: ClasspathResourceLoader Error: cannot find resource VM_global_library.vm
2013-06-26 19:58:48,735 - Velocimacro : Default library not found.
2013-06-26 19:58:48,735 - Velocimacro : Default library not found.
2013-06-26 19:58:48,735 - Velocimacro : Default library not found.
2013-06-26 19:58:48,735 - Velocimacro : allowInline = true : VMs can be defined inline in templates
2013-06-26 19:58:48,735 - Velocimacro : allowInline = true : VMs can be defined inline in templates
2013-06-26 19:58:48,735 - Velocimacro : allowInline = true : VMs can be defined inline in templates
2013-06-26 19:58:48,735 - Velocimacro : allowInlineToOverride = false : VMs defined inline may NOT replace previous VM definitions
2013-06-26 19:58:48,735 - Velocimacro : allowInlineToOverride = false : VMs defined inline may NOT replace previous VM definitions
2013-06-26 19:58:48,735 - Velocimacro : allowInlineToOverride = false : VMs defined inline may NOT replace previous VM definitions
2013-06-26 19:58:48,735 - Velocimacro : allowInlineLocal = false : VMs defined inline will be global in scope if allowed.
2013-06-26 19:58:48,735 - Velocimacro : allowInlineLocal = false : VMs defined inline will be global in scope if allowed.
2013-06-26 19:58:48,735 - Velocimacro : allowInlineLocal = false : VMs defined inline will be global in scope if allowed.
2013-06-26 19:58:48,735 - Velocimacro : autoload off : VM system will not automatically reload global library macros
2013-06-26 19:58:48,735 - Velocimacro : autoload off : VM system will not automatically reload global library macros
2013-06-26 19:58:48,735 - Velocimacro : autoload off : VM system will not automatically reload global library macros
2013-06-26 19:58:48,754 - Velocimacro : added VM comments: source=/templates/db/TableAdapter.vm
2013-06-26 19:58:48,754 - Velocimacro : added VM comments: source=/templates/db/TableAdapter.vm
2013-06-26 19:58:48,754 - Velocimacro : added VM comments: source=/templates/db/TableAdapter.vm
2013-06-26 19:58:48,755 - ResourceManager : found /templates/db/TableAdapter.vm with loader org.apache.velocity.runtime.resource.loader.ClasspathResourceLoader
2013-06-26 19:58:48,755 - ResourceManager : found /templates/db/TableAdapter.vm with loader org.apache.velocity.runtime.resource.loader.ClasspathResourceLoader
2013-06-26 19:58:48,755 - ResourceManager : found /templates/db/TableAdapter.vm with loader org.apache.velocity.runtime.resource.loader.ClasspathResourceLoader
2013-06-26 19:58:48,763 - Log4JLogChute initialized using file 'velocity.log'
2013-06-26 19:58:48,763 - Log4JLogChute initialized using file 'velocity.log'
2013-06-26 19:58:48,763 - Initializing Velocity, Calling init()...
2013-06-26 19:58:48,763 - Initializing Velocity, Calling init()...
2013-06-26 19:58:48,763 - Starting Apache Velocity v1.7 (compiled: 2010-11-19 12:14:37)
2013-06-26 19:58:48,763 - Starting Apache Velocity v1.7 (compiled: 2010-11-19 12:14:37)
2013-06-26 19:58:48,763 - Default Properties File: org\apache\velocity\runtime\defaults\velocity.properties
2013-06-26 19:58:48,763 - Default Properties File: org\apache\velocity\runtime\defaults\velocity.properties
2013-06-26 19:58:48,763 - Trying to use logger class org.apache.velocity.runtime.log.AvalonLogChute
2013-06-26 19:58:48,763 - Trying to use logger class org.apache.velocity.runtime.log.AvalonLogChute
2013-06-26 19:58:48,763 - Target log system for org.apache.velocity.runtime.log.AvalonLogChute is not available (java.lang.NoClassDefFoundError: org/apache/log/format/Formatter).  Falling back to next log system...
2013-06-26 19:58:48,763 - Target log system for org.apache.velocity.runtime.log.AvalonLogChute is not available (java.lang.NoClassDefFoundError: org/apache/log/format/Formatter).  Falling back to next log system...
2013-06-26 19:58:48,763 - Trying to use logger class org.apache.velocity.runtime.log.Log4JLogChute
2013-06-26 19:58:48,763 - Trying to use logger class org.apache.velocity.runtime.log.Log4JLogChute
2013-06-26 19:58:48,763 - Using logger class org.apache.velocity.runtime.log.Log4JLogChute
2013-06-26 19:58:48,763 - Using logger class org.apache.velocity.runtime.log.Log4JLogChute
2013-06-26 19:58:48,764 - ResourceLoader instantiated: org.apache.velocity.runtime.resource.loader.ClasspathResourceLoader
2013-06-26 19:58:48,764 - ResourceLoader instantiated: org.apache.velocity.runtime.resource.loader.ClasspathResourceLoader
2013-06-26 19:58:48,764 - ResourceCache: initialized (class org.apache.velocity.runtime.resource.ResourceCacheImpl) with class java.util.Collections$SynchronizedMap cache map.
2013-06-26 19:58:48,764 - ResourceCache: initialized (class org.apache.velocity.runtime.resource.ResourceCacheImpl) with class java.util.Collections$SynchronizedMap cache map.
2013-06-26 19:58:48,764 - Loaded System Directive: org.apache.velocity.runtime.directive.Stop
2013-06-26 19:58:48,764 - Loaded System Directive: org.apache.velocity.runtime.directive.Stop
2013-06-26 19:58:48,764 - Loaded System Directive: org.apache.velocity.runtime.directive.Define
2013-06-26 19:58:48,764 - Loaded System Directive: org.apache.velocity.runtime.directive.Define
2013-06-26 19:58:48,764 - Loaded System Directive: org.apache.velocity.runtime.directive.Break
2013-06-26 19:58:48,764 - Loaded System Directive: org.apache.velocity.runtime.directive.Break
2013-06-26 19:58:48,765 - Loaded System Directive: org.apache.velocity.runtime.directive.Evaluate
2013-06-26 19:58:48,765 - Loaded System Directive: org.apache.velocity.runtime.directive.Evaluate
2013-06-26 19:58:48,765 - Loaded System Directive: org.apache.velocity.runtime.directive.Literal
2013-06-26 19:58:48,765 - Loaded System Directive: org.apache.velocity.runtime.directive.Literal
2013-06-26 19:58:48,765 - Loaded System Directive: org.apache.velocity.runtime.directive.Macro
2013-06-26 19:58:48,765 - Loaded System Directive: org.apache.velocity.runtime.directive.Macro
2013-06-26 19:58:48,765 - Loaded System Directive: org.apache.velocity.runtime.directive.Parse
2013-06-26 19:58:48,765 - Loaded System Directive: org.apache.velocity.runtime.directive.Parse
2013-06-26 19:58:48,765 - Loaded System Directive: org.apache.velocity.runtime.directive.Include
2013-06-26 19:58:48,765 - Loaded System Directive: org.apache.velocity.runtime.directive.Include
2013-06-26 19:58:48,765 - Loaded System Directive: org.apache.velocity.runtime.directive.Foreach
2013-06-26 19:58:48,765 - Loaded System Directive: org.apache.velocity.runtime.directive.Foreach
2013-06-26 19:58:48,765 - Created '20' parsers.
2013-06-26 19:58:48,765 - Created '20' parsers.
2013-06-26 19:58:48,765 - Velocimacro : "velocimacro.library" is not set.  Trying default library: VM_global_library.vm
2013-06-26 19:58:48,765 - Velocimacro : "velocimacro.library" is not set.  Trying default library: VM_global_library.vm
2013-06-26 19:58:48,766 - Could not load resource 'VM_global_library.vm' from ResourceLoader org.apache.velocity.runtime.resource.loader.ClasspathResourceLoader: ClasspathResourceLoader Error: cannot find resource VM_global_library.vm
2013-06-26 19:58:48,766 - Could not load resource 'VM_global_library.vm' from ResourceLoader org.apache.velocity.runtime.resource.loader.ClasspathResourceLoader: ClasspathResourceLoader Error: cannot find resource VM_global_library.vm
2013-06-26 19:58:48,766 - Velocimacro : Default library not found.
2013-06-26 19:58:48,766 - Velocimacro : Default library not found.
2013-06-26 19:58:48,766 - Velocimacro : allowInline = true : VMs can be defined inline in templates
2013-06-26 19:58:48,766 - Velocimacro : allowInline = true : VMs can be defined inline in templates
2013-06-26 19:58:48,766 - Velocimacro : allowInlineToOverride = false : VMs defined inline may NOT replace previous VM definitions
2013-06-26 19:58:48,766 - Velocimacro : allowInlineToOverride = false : VMs defined inline may NOT replace previous VM definitions
2013-06-26 19:58:48,766 - Velocimacro : allowInlineLocal = false : VMs defined inline will be global in scope if allowed.
2013-06-26 19:58:48,766 - Velocimacro : allowInlineLocal = false : VMs defined inline will be global in scope if allowed.
2013-06-26 19:58:48,766 - Velocimacro : autoload off : VM system will not automatically reload global library macros
2013-06-26 19:58:48,766 - Velocimacro : autoload off : VM system will not automatically reload global library macros
2013-06-26 19:58:48,769 - Velocimacro : added VM comments: source=/templates/db/TableAdapter.vm
2013-06-26 19:58:48,769 - Velocimacro : added VM comments: source=/templates/db/TableAdapter.vm
2013-06-26 19:58:48,769 - ResourceManager : found /templates/db/TableAdapter.vm with loader org.apache.velocity.runtime.resource.loader.ClasspathResourceLoader
2013-06-26 19:58:48,769 - ResourceManager : found /templates/db/TableAdapter.vm with loader org.apache.velocity.runtime.resource.loader.ClasspathResourceLoader
